<?xml version="1.0" encoding="UTF-8"?>
<testng-results ignored="0" total="1" passed="1" failed="0" skipped="0">
  <reporter-output>
    <line>
      <![CDATA[URL launched Successfully in Chrome Browser]]>
    </line>
    <line>
      <![CDATA[Navigated to Revenue-calculator page Successfully in Chrome Browser]]>
    </line>
    <line>
      <![CDATA[No of rows are ::1]]>
    </line>
    <line>
      <![CDATA[Actual_value :: $75600    Expected_Value$110700  Expected value is not matching with Actual]]>
    </line>
  </reporter-output>
  <suite started-at="2024-11-28T03:24:41 IST" name="Default suite" finished-at="2024-11-28T03:25:16 IST" duration-ms="34608">
    <groups>
    </groups>
    <test started-at="2024-11-28T03:24:41 IST" name="Default test" finished-at="2024-11-28T03:25:16 IST" duration-ms="34608">
      <class name="driverFactory.AppTest">
        <test-method is-config="true" signature="setUp()[pri:0, instance:driverFactory.AppTest@11392934]" started-at="2024-11-28T03:24:41 IST" name="setUp" finished-at="2024-11-28T03:24:47 IST" duration-ms="5709" status="PASS">
          <reporter-output>
            <line>
              <![CDATA[URL launched Successfully in Chrome Browser]]>
            </line>
            <line>
              <![CDATA[Navigated to Revenue-calculator page Successfully in Chrome Browser]]>
            </line>
          </reporter-output>
        </test-method> <!-- setUp -->
        <test-method signature="StartTest()[pri:0, instance:driverFactory.AppTest@11392934]" started-at="2024-11-28T03:24:47 IST" name="StartTest" finished-at="2024-11-28T03:25:16 IST" duration-ms="28587" status="PASS">
          <reporter-output>
            <line>
              <![CDATA[No of rows are ::1]]>
            </line>
            <line>
              <![CDATA[Actual_value :: $75600    Expected_Value$110700  Expected value is not matching with Actual]]>
            </line>
          </reporter-output>
        </test-method> <!-- StartTest -->
        <test-method is-config="true" signature="tearDown()[pri:0, instance:driverFactory.AppTest@11392934]" started-at="2024-11-28T03:25:16 IST" name="tearDown" finished-at="2024-11-28T03:25:16 IST" duration-ms="271" status="PASS">
          <reporter-output>
          </reporter-output>
        </test-method> <!-- tearDown -->
      </class> <!-- driverFactory.AppTest -->
    </test> <!-- Default test -->
  </suite> <!-- Default suite -->
</testng-results>
